  Building 'KMDFQPU' with toolset 'WindowsKernelModeDriver10.0' and the 'Universal' target platform.
  Stamping ARM64\Release\KMDFQPU.inf
  Stamping [Version] section with DriverVer=05/17/2021,21.54.14.855
  KMDFQPU.cpp
  QPU.cpp
  Generating code
  Finished generating code
  KMDFQPU.vcxproj -> C:\Users\Alastair\Documents\Visual Studio 2019\Projects\KMDFQPU\ARM64\Release\KMDFQPU.sys
  Done Adding Additional Store
  Successfully signed: C:\Users\Alastair\Documents\Visual Studio 2019\Projects\KMDFQPU\ARM64\Release\KMDFQPU.sys
  
  Driver is 'Universal'.
  ........................
  Signability test complete.
  
  Errors:
  None
  
  Warnings:
  None
  
  Catalog generation complete.
  C:\Users\Alastair\Documents\Visual Studio 2019\Projects\KMDFQPU\ARM64\Release\KMDFQPU\kmdfqpu.cat
  Done Adding Additional Store
  Successfully signed: C:\Users\Alastair\Documents\Visual Studio 2019\Projects\KMDFQPU\ARM64\Release\KMDFQPU\kmdfqpu.cat
  
