c:\users\alastair\documents\visual studio 2019\projects\kmdfqpu\arm64\release\vc142.pdb
c:\users\alastair\documents\visual studio 2019\projects\kmdfqpu\arm64\release\qpu.obj
c:\users\alastair\documents\visual studio 2019\projects\kmdfqpu\arm64\release\kmdfqpu.obj
c:\users\alastair\documents\visual studio 2019\projects\kmdfqpu\arm64\release\kmdfqpu\kmdfqpu.cat
c:\users\alastair\documents\visual studio 2019\projects\kmdfqpu\arm64\release\kmdfqpu.iobj
c:\users\alastair\documents\visual studio 2019\projects\kmdfqpu\arm64\release\kmdfqpu.sys
c:\users\alastair\documents\visual studio 2019\projects\kmdfqpu\arm64\release\kmdfqpu.pdb
c:\users\alastair\documents\visual studio 2019\projects\kmdfqpu\arm64\release\kmdfqpu.inf
c:\users\alastair\documents\visual studio 2019\projects\kmdfqpu\arm64\release\kmdfqpu.cer
c:\users\alastair\documents\visual studio 2019\projects\kmdfqpu\arm64\release\kmdfqpu.tlog\cl.command.1.tlog
c:\users\alastair\documents\visual studio 2019\projects\kmdfqpu\arm64\release\kmdfqpu.tlog\cl.read.1.tlog
c:\users\alastair\documents\visual studio 2019\projects\kmdfqpu\arm64\release\kmdfqpu.tlog\cl.write.1.tlog
c:\users\alastair\documents\visual studio 2019\projects\kmdfqpu\arm64\release\kmdfqpu.tlog\inf2cat-expand.15584.read.1.tlog
c:\users\alastair\documents\visual studio 2019\projects\kmdfqpu\arm64\release\kmdfqpu.tlog\inf2cat-expand.15584.write.1.tlog
c:\users\alastair\documents\visual studio 2019\projects\kmdfqpu\arm64\release\kmdfqpu.tlog\inf2cat-expand.read.1.tlog
c:\users\alastair\documents\visual studio 2019\projects\kmdfqpu\arm64\release\kmdfqpu.tlog\inf2cat-expand.write.1.tlog
c:\users\alastair\documents\visual studio 2019\projects\kmdfqpu\arm64\release\kmdfqpu.tlog\inf2cat.command.1.tlog
c:\users\alastair\documents\visual studio 2019\projects\kmdfqpu\arm64\release\kmdfqpu.tlog\inf2cat.read.1.tlog
c:\users\alastair\documents\visual studio 2019\projects\kmdfqpu\arm64\release\kmdfqpu.tlog\inf2cat.write.1.tlog
c:\users\alastair\documents\visual studio 2019\projects\kmdfqpu\arm64\release\kmdfqpu.tlog\kmdfqpu.write.1u.tlog
c:\users\alastair\documents\visual studio 2019\projects\kmdfqpu\arm64\release\kmdfqpu.tlog\link.command.1.tlog
c:\users\alastair\documents\visual studio 2019\projects\kmdfqpu\arm64\release\kmdfqpu.tlog\link.read.1.tlog
c:\users\alastair\documents\visual studio 2019\projects\kmdfqpu\arm64\release\kmdfqpu.tlog\link.write.1.tlog
c:\users\alastair\documents\visual studio 2019\projects\kmdfqpu\arm64\release\kmdfqpu.tlog\signtool.command.1.tlog
c:\users\alastair\documents\visual studio 2019\projects\kmdfqpu\arm64\release\kmdfqpu.tlog\signtool.read.1.tlog
c:\users\alastair\documents\visual studio 2019\projects\kmdfqpu\arm64\release\kmdfqpu.tlog\signtool.timestamp.1.tlog
c:\users\alastair\documents\visual studio 2019\projects\kmdfqpu\arm64\release\kmdfqpu.tlog\signtool.write.1.tlog
c:\users\alastair\documents\visual studio 2019\projects\kmdfqpu\arm64\release\kmdfqpu.tlog\stampinf.command.1.tlog
c:\users\alastair\documents\visual studio 2019\projects\kmdfqpu\arm64\release\kmdfqpu.tlog\stampinf.read.1.tlog
c:\users\alastair\documents\visual studio 2019\projects\kmdfqpu\arm64\release\kmdfqpu.tlog\stampinf.write.1.tlog
