  Building 'mboxdrv' with toolset 'WindowsKernelModeDriver10.0' and the 'Universal' target platform.
  Stamping ARM64\Release\mboxdrv.inf
  Stamping [Version] section with DriverVer=05/17/2021,0.30.54.540
  mboxdrv.cpp
  mailbox.cpp
  Generating code
  Finished generating code
  mboxdrv.vcxproj -> C:\Users\Alastair\Documents\Visual Studio 2019\Projects\mboxdrv\ARM64\Release\mboxdrv.sys
  Done Adding Additional Store
  Successfully signed: C:\Users\Alastair\Documents\Visual Studio 2019\Projects\mboxdrv\ARM64\Release\mboxdrv.sys
  
  Driver is 'Universal'.
  ........................
  Signability test complete.
  
  Errors:
  None
  
  Warnings:
  None
  
  Catalog generation complete.
  C:\Users\Alastair\Documents\Visual Studio 2019\Projects\mboxdrv\ARM64\Release\mboxdrv\mboxdrv.cat
  Done Adding Additional Store
  Successfully signed: C:\Users\Alastair\Documents\Visual Studio 2019\Projects\mboxdrv\ARM64\Release\mboxdrv\mboxdrv.cat
  
